<?xml version="1.0" encoding="UTF-8"?>
<!-- Generated by org.testng.reporters.JUnitXMLReporter -->
<testsuite ignored="19" hostname="A115127" failures="1" tests="3" name="Smoke" time="48.245" errors="0" timestamp="2022-01-15T11:28:41 IST">
  <testcase classname="com.mystore.testcases.HomePageTest" name="orderHistoryandDetailsTest" time="9.496"/>
  <testcase classname="com.mystore.testcases.HomePageTest" name="wishListTest" time="10.599"/>
  <testcase classname="com.mystore.testcases.SearchResultPageTest" name="productAvailabilityTest" time="0.097">
    <failure type="org.testng.internal.reflect.MethodMatcherException" message="
[public void com.mystore.testcases.SearchResultPageTest.productAvailabilityTest(java.lang.String) throws java.lang.Throwable] has no parameters defined but was found to be using a data provider (either explicitly specified or inherited from class level annotation).
Data provider mismatch
Method: productAvailabilityTest([Parameter{index=0, type=java.lang.String, declaredAnnotations=[]}])
Arguments: [(java.lang.String) Printed Summer Dress,(java.lang.String) 1.0,(java.lang.String) S]">
      <![CDATA[org.testng.internal.reflect.MethodMatcherException: 
[public void com.mystore.testcases.SearchResultPageTest.productAvailabilityTest(java.lang.String) throws java.lang.Throwable] has no parameters defined but was found to be using a data provider (either explicitly specified or inherited from class level annotation).
Data provider mismatch
Method: productAvailabilityTest([Parameter{index=0, type=java.lang.String, declaredAnnotations=[]}])
Arguments: [(java.lang.String) Printed Summer Dress,(java.lang.String) 1.0,(java.lang.String) S]
at java.base/java.util.ArrayList.forEach(ArrayList.java:1511)
... Removed 22 stack frames]]>
    </failure>
  </testcase> <!-- productAvailabilityTest -->
  <testcase classname="com.mystore.testcases.OrderPageTest" name="verifyTotalPrice" time="0.0">
    <ignored/>
  </testcase> <!-- verifyTotalPrice -->
  <testcase classname="com.mystore.base.BaseClass" name="@BeforeSuite loadConfig" time="0.0">
    <ignored/>
  </testcase> <!-- @BeforeSuite loadConfig -->
  <testcase classname="com.mystore.base.BaseClass" name="@BeforeSuite loadConfig" time="0.0">
    <ignored/>
  </testcase> <!-- @BeforeSuite loadConfig -->
  <testcase classname="com.mystore.base.BaseClass" name="@BeforeSuite loadConfig" time="0.0">
    <ignored/>
  </testcase> <!-- @BeforeSuite loadConfig -->
  <testcase classname="com.mystore.base.BaseClass" name="@BeforeSuite loadConfig" time="0.0">
    <ignored/>
  </testcase> <!-- @BeforeSuite loadConfig -->
  <testcase classname="com.mystore.base.BaseClass" name="@BeforeSuite loadConfig" time="0.0">
    <ignored/>
  </testcase> <!-- @BeforeSuite loadConfig -->
  <testcase classname="com.mystore.base.BaseClass" name="@BeforeSuite loadConfig" time="0.0">
    <ignored/>
  </testcase> <!-- @BeforeSuite loadConfig -->
  <testcase classname="com.mystore.base.BaseClass" name="@BeforeSuite loadConfig" time="0.0">
    <ignored/>
  </testcase> <!-- @BeforeSuite loadConfig -->
  <testcase classname="com.mystore.testcases.AccountCreationPageTest" name="createAccountTest" time="0.0">
    <ignored/>
  </testcase> <!-- createAccountTest -->
  <testcase classname="com.mystore.base.BaseClass" name="@AfterSuite afterSuite" time="0.0">
    <ignored/>
  </testcase> <!-- @AfterSuite afterSuite -->
  <testcase classname="com.mystore.base.BaseClass" name="@AfterSuite afterSuite" time="0.0">
    <ignored/>
  </testcase> <!-- @AfterSuite afterSuite -->
  <testcase classname="com.mystore.base.BaseClass" name="@AfterSuite afterSuite" time="0.0">
    <ignored/>
  </testcase> <!-- @AfterSuite afterSuite -->
  <testcase classname="com.mystore.base.BaseClass" name="@AfterSuite afterSuite" time="0.0">
    <ignored/>
  </testcase> <!-- @AfterSuite afterSuite -->
  <testcase classname="com.mystore.base.BaseClass" name="@AfterSuite afterSuite" time="0.0">
    <ignored/>
  </testcase> <!-- @AfterSuite afterSuite -->
  <testcase classname="com.mystore.base.BaseClass" name="@AfterSuite afterSuite" time="0.0">
    <ignored/>
  </testcase> <!-- @AfterSuite afterSuite -->
  <testcase classname="com.mystore.base.BaseClass" name="@AfterSuite afterSuite" time="0.0">
    <ignored/>
  </testcase> <!-- @AfterSuite afterSuite -->
  <testcase classname="com.mystore.testcases.AddToCartPageTest" name="addToCartTest" time="0.0">
    <ignored/>
  </testcase> <!-- addToCartTest -->
  <testcase classname="com.mystore.testcases.AccountCreationPageTest" name="verifyCreateAccountPageTest" time="0.0">
    <ignored/>
  </testcase> <!-- verifyCreateAccountPageTest -->
  <testcase classname="com.mystore.testcases.EndToEndTest" name="endToEndTest" time="0.0">
    <ignored/>
  </testcase> <!-- endToEndTest -->
</testsuite> <!-- Smoke -->
