<?xml version="1.0" encoding="UTF-8"?>
<!-- Generated by org.testng.reporters.JUnitXMLReporter -->
<testsuite ignored="2" hostname="A115127" failures="0" tests="2" name="Test_All" time="61.865" errors="0" timestamp="2022-01-17T10:59:52 IST">
  <testcase classname="com.mystore.testcases.LoginPageTest" name="loginTest" time="10.903"/>
  <testcase classname="com.mystore.testcases.EndToEndTest" name="endToEndTest" time="31.891"/>
  <testcase classname="com.mystore.base.BaseClass" name="@AfterSuite afterSuite" time="0.0">
    <ignored/>
  </testcase> <!-- @AfterSuite afterSuite -->
  <testcase classname="com.mystore.base.BaseClass" name="@BeforeSuite loadConfig" time="0.0">
    <ignored/>
  </testcase> <!-- @BeforeSuite loadConfig -->
</testsuite> <!-- Test_All -->
